constDE/build/outputs/logs/manifest-merger-debug-report.txt
-- Merging decision tree log ---
manifest
ADDED from AndroidStudioProjects/constDE/AndroidManifest.xml:2:1-28:12
	package
		ADDED from AndroidStudioProjects/constDE/AndroidManifest.xml:3:5-40
	android:versionName
		ADDED from AndroidStudioProjects/constDE/AndroidManifest.xml:5:5-30
	android:versionCode
		ADDED from AndroidStudioProjects/constDE/AndroidManifest.xml:4:5-28
		INJECTED from AndroidStudioProjects/constDE/AndroidManifest.xml
		INJECTED from AndroidStudioProjects/constDE/AndroidManifest.xml
	xmlns:android
		ADDED from AndroidStudioProjects/constDE/AndroidManifest.xml:2:11-69
uses-sdk
ADDED from AndroidStudioProjects/constDE/AndroidManifest.xml:7:5-9:41
	android:targetSdkVersion
		ADDED from AndroidStudioProjects/constDE/AndroidManifest.xml:9:9-38
	android:minSdkVersion
		ADDED from AndroidStudioProjects/constDE/AndroidManifest.xml:8:9-34
application
ADDED from AndroidStudioProjects/constDE/AndroidManifest.xml:11:5-26:19
	android:label
		ADDED from AndroidStudioProjects/constDE/AndroidManifest.xml:14:9-41
	android:allowBackup
		ADDED from AndroidStudioProjects/constDE/AndroidManifest.xml:12:9-35
	android:icon
		ADDED from AndroidStudioProjects/constDE/AndroidManifest.xml:13:9-45
activity#jp.ac.u_ryukyu.phys.constDE.MainActivity
ADDED from AndroidStudioProjects/constDE/AndroidManifest.xml:16:14-24:20
	android:screenOrientation
		ADDED from AndroidStudioProjects/constDE/AndroidManifest.xml:18:46-82
	android:label
		ADDED from AndroidStudioProjects/constDE/AndroidManifest.xml:18:13-45
	android:name
		ADDED from AndroidStudioProjects/constDE/AndroidManifest.xml:17:13-68
intent-filter#android.intent.action.MAIN+android.intent.category.LAUNCHER
ADDED from AndroidStudioProjects/constDE/AndroidManifest.xml:19:13-23:29
action#android.intent.action.MAIN
ADDED from AndroidStudioProjects/constDE/AndroidManifest.xml:20:17-69
	android:name
		ADDED from AndroidStudioProjects/constDE/AndroidManifest.xml:20:25-66
category#android.intent.category.LAUNCHER
ADDED from AndroidStudioProjects/constDE/AndroidManifest.xml:22:17-77
	android:name
		ADDED from AndroidStudioProjects/constDE/AndroidManifest.xml:22:27-74